{"/Users/vojvodics/Documents/Projects/throwaway/init/packages/lib-a/src/index.ts": {"path":"/Users/vojvodics/Documents/Projects/throwaway/init/packages/lib-a/src/index.ts","all":true,"statementMap":{"0":{"start":{"line":1,"column":0},"end":{"line":1,"column":28}}},"s":{"0":0},"branchMap":{"0":{"type":"branch","line":1,"loc":{"start":{"line":1,"column":0},"end":{"line":1,"column":28}},"locations":[{"start":{"line":1,"column":0},"end":{"line":1,"column":28}}]}},"b":{"0":[0]},"fnMap":{"0":{"name":"(empty-report)","decl":{"start":{"line":1,"column":0},"end":{"line":1,"column":28}},"loc":{"start":{"line":1,"column":0},"end":{"line":1,"column":28}},"line":1}},"f":{"0":0}}
,"/Users/vojvodics/Documents/Projects/throwaway/init/packages/lib-a/src/lib/lib-a.ts": {"path":"/Users/vojvodics/Documents/Projects/throwaway/init/packages/lib-a/src/lib/lib-a.ts","all":false,"statementMap":{"0":{"start":{"line":1,"column":0},"end":{"line":1,"column":35}},"1":{"start":{"line":2,"column":0},"end":{"line":2,"column":0}},"2":{"start":{"line":3,"column":0},"end":{"line":3,"column":32}},"3":{"start":{"line":4,"column":0},"end":{"line":4,"column":26}},"4":{"start":{"line":5,"column":0},"end":{"line":5,"column":1}}},"s":{"0":1,"1":1,"2":1,"3":1,"4":1},"branchMap":{"0":{"type":"branch","line":3,"loc":{"start":{"line":3,"column":7},"end":{"line":5,"column":1}},"locations":[{"start":{"line":3,"column":7},"end":{"line":5,"column":1}}]}},"b":{"0":[1]},"fnMap":{"0":{"name":"libA","decl":{"start":{"line":3,"column":7},"end":{"line":5,"column":1}},"loc":{"start":{"line":3,"column":7},"end":{"line":5,"column":1}},"line":3}},"f":{"0":1}}
,"/Users/vojvodics/Documents/Projects/throwaway/init/packages/lib-b/src/index.ts": {"path":"/Users/vojvodics/Documents/Projects/throwaway/init/packages/lib-b/src/index.ts","all":false,"statementMap":{"0":{"start":{"line":1,"column":0},"end":{"line":1,"column":28}}},"s":{"0":1},"branchMap":{},"b":{},"fnMap":{},"f":{}}
,"/Users/vojvodics/Documents/Projects/throwaway/init/packages/lib-b/src/lib/lib-b.ts": {"path":"/Users/vojvodics/Documents/Projects/throwaway/init/packages/lib-b/src/lib/lib-b.ts","all":false,"statementMap":{"0":{"start":{"line":1,"column":0},"end":{"line":1,"column":32}},"1":{"start":{"line":2,"column":0},"end":{"line":2,"column":17}},"2":{"start":{"line":3,"column":0},"end":{"line":3,"column":1}}},"s":{"0":1,"1":1,"2":1},"branchMap":{"0":{"type":"branch","line":1,"loc":{"start":{"line":1,"column":31},"end":{"line":3,"column":1}},"locations":[{"start":{"line":1,"column":31},"end":{"line":3,"column":1}}]}},"b":{"0":[1]},"fnMap":{"0":{"name":"libB","decl":{"start":{"line":1,"column":31},"end":{"line":3,"column":1}},"loc":{"start":{"line":1,"column":31},"end":{"line":3,"column":1}},"line":1}},"f":{"0":1}}
}
